2019-07-03 17:57:10,301 - dingdian_spider - ERROR : (1064, u"You have an error in your SQL syntax; check the manual that corresponds to your MySQL server version for the right syntax to use near '\u4e4b\u7c7b\u53ef\u6015\u7684\u4e1c\u897f\u3002\n\u3000\u3000\u7fbd\u67d4\u5b50\u4e00\u6123\uff0c\u524d\u8f88\u8fd9\u91cc\u52a0\u7075\u8109\u78a7\u8336\u90fd' at line 1")
2019-07-03 17:57:18,792 - dingdian_spider - ERROR : (1064, u"You have an error in your SQL syntax; check the manual that corresponds to your MySQL server version for the right syntax to use near '\u4e4b\u7c7b\u53ef\u6015\u7684\u4e1c\u897f\u3002\n\u3000\u3000\u7fbd\u67d4\u5b50\u4e00\u6123\uff0c\u524d\u8f88\u8fd9\u91cc\u52a0\u7075\u8109\u78a7\u8336\u90fd' at line 1")
2019-07-04 15:17:44,052 - dingdian_spider - INFO : 本章节未更新或者获取章节异常 今天休息，没更新
2019-07-04 15:17:44,957 - dingdian_spider - DEBUG : 正常章节 第160章 一剑凌云
2019-07-04 15:17:45,130 - dingdian_spider - ERROR : (1064, u"You have an error in your SQL syntax; check the manual that corresponds to your MySQL server version for the right syntax to use near 'https://www.dingdiann.com/ddk16030/9003338.html','https://www.dingdiann.com/ddk1' at line 1")
2019-07-04 15:17:47,559 - dingdian_spider - DEBUG : 正常章节 第二百五十一章 老龙城
2019-07-04 15:17:50,176 - dingdian_spider - INFO : 本章节未更新或者获取章节异常 今天休息，没更新
2019-07-04 15:17:52,967 - dingdian_spider - DEBUG : 正常章节 第160章 一剑凌云
2019-07-04 15:17:53,053 - dingdian_spider - ERROR : (1064, u"You have an error in your SQL syntax; check the manual that corresponds to your MySQL server version for the right syntax to use near 'https://www.dingdiann.com/ddk16030/9003338.html','https://www.dingdiann.com/ddk1' at line 1")
2019-07-04 15:17:56,168 - dingdian_spider - DEBUG : 正常章节 第二百五十二章 泥菩萨踩剑过河
2019-07-04 15:17:58,793 - dingdian_spider - INFO : 本章节未更新或者获取章节异常 今天休息，没更新
2019-07-04 15:17:59,795 - dingdian_spider - DEBUG : 正常章节 第160章 一剑凌云
2019-07-04 15:17:59,880 - dingdian_spider - ERROR : (1064, u"You have an error in your SQL syntax; check the manual that corresponds to your MySQL server version for the right syntax to use near 'https://www.dingdiann.com/ddk16030/9003338.html','https://www.dingdiann.com/ddk1' at line 1")
2019-07-04 15:18:35,270 - dingdian_spider - INFO : 本章节未更新或者获取章节异常 今天休息，没更新
2019-07-04 15:18:36,553 - dingdian_spider - DEBUG : 正常章节 第160章 一剑凌云
2019-07-04 15:18:36,720 - dingdian_spider - ERROR : (1064, u"You have an error in your SQL syntax; check the manual that corresponds to your MySQL server version for the right syntax to use near 'https://www.dingdiann.com/ddk16030/9003338.html','https://www.dingdiann.com/ddk1' at line 1")
2019-07-04 15:18:39,242 - dingdian_spider - INFO : 本章节未更新或者获取章节异常 今天休息，没更新
2019-07-04 15:18:41,382 - dingdian_spider - DEBUG : 正常章节 第160章 一剑凌云
2019-07-04 15:18:41,467 - dingdian_spider - ERROR : (1064, u"You have an error in your SQL syntax; check the manual that corresponds to your MySQL server version for the right syntax to use near 'https://www.dingdiann.com/ddk16030/9003338.html','https://www.dingdiann.com/ddk1' at line 1")
2019-07-04 15:18:45,200 - dingdian_spider - INFO : 本章节未更新或者获取章节异常 今天休息，没更新
2019-07-04 15:18:48,614 - dingdian_spider - DEBUG : 正常章节 第160章 一剑凌云
2019-07-04 15:18:48,700 - dingdian_spider - ERROR : (1064, u"You have an error in your SQL syntax; check the manual that corresponds to your MySQL server version for the right syntax to use near 'https://www.dingdiann.com/ddk16030/9003338.html','https://www.dingdiann.com/ddk1' at line 1")
2019-07-04 15:18:51,155 - dingdian_spider - INFO : 本章节未更新或者获取章节异常 今天休息，没更新
2019-07-04 15:18:52,786 - dingdian_spider - DEBUG : 正常章节 第160章 一剑凌云
2019-07-04 15:18:52,871 - dingdian_spider - ERROR : (1064, u"You have an error in your SQL syntax; check the manual that corresponds to your MySQL server version for the right syntax to use near 'https://www.dingdiann.com/ddk16030/9003338.html','https://www.dingdiann.com/ddk1' at line 1")
2019-07-04 15:18:55,369 - dingdian_spider - INFO : 本章节未更新或者获取章节异常 今天休息，没更新
2019-07-04 15:18:56,312 - dingdian_spider - DEBUG : 正常章节 第160章 一剑凌云
2019-07-04 15:18:56,398 - dingdian_spider - ERROR : (1064, u"You have an error in your SQL syntax; check the manual that corresponds to your MySQL server version for the right syntax to use near 'https://www.dingdiann.com/ddk16030/9003338.html','https://www.dingdiann.com/ddk1' at line 1")
2019-07-04 15:18:59,130 - dingdian_spider - INFO : 本章节未更新或者获取章节异常 今天休息，没更新
2019-07-04 15:19:00,546 - dingdian_spider - DEBUG : 正常章节 第160章 一剑凌云
2019-07-04 15:19:00,631 - dingdian_spider - ERROR : (1064, u"You have an error in your SQL syntax; check the manual that corresponds to your MySQL server version for the right syntax to use near 'https://www.dingdiann.com/ddk16030/9003338.html','https://www.dingdiann.com/ddk1' at line 1")
2019-07-04 15:19:03,358 - dingdian_spider - INFO : 本章节未更新或者获取章节异常 今天休息，没更新
2019-07-04 15:19:04,364 - dingdian_spider - DEBUG : 正常章节 第160章 一剑凌云
2019-07-04 15:19:04,448 - dingdian_spider - ERROR : (1064, u"You have an error in your SQL syntax; check the manual that corresponds to your MySQL server version for the right syntax to use near 'https://www.dingdiann.com/ddk16030/9003338.html','https://www.dingdiann.com/ddk1' at line 1")
2019-07-04 15:19:06,980 - dingdian_spider - INFO : 本章节未更新或者获取章节异常 今天休息，没更新
2019-07-04 15:19:09,124 - dingdian_spider - DEBUG : 正常章节 第160章 一剑凌云
2019-07-04 15:19:09,209 - dingdian_spider - ERROR : (1064, u"You have an error in your SQL syntax; check the manual that corresponds to your MySQL server version for the right syntax to use near 'https://www.dingdiann.com/ddk16030/9003338.html','https://www.dingdiann.com/ddk1' at line 1")
2019-07-04 15:19:14,762 - dingdian_spider - INFO : 本章节未更新或者获取章节异常 今天休息，没更新
2019-07-04 15:19:15,657 - dingdian_spider - DEBUG : 正常章节 第160章 一剑凌云
2019-07-04 15:19:15,742 - dingdian_spider - ERROR : (1064, u"You have an error in your SQL syntax; check the manual that corresponds to your MySQL server version for the right syntax to use near 'https://www.dingdiann.com/ddk16030/9003338.html','https://www.dingdiann.com/ddk1' at line 1")
2019-07-04 15:19:19,786 - dingdian_spider - INFO : 本章节未更新或者获取章节异常 今天休息，没更新
2019-07-04 15:19:21,344 - dingdian_spider - DEBUG : 正常章节 第160章 一剑凌云
2019-07-04 15:19:21,428 - dingdian_spider - ERROR : (1064, u"You have an error in your SQL syntax; check the manual that corresponds to your MySQL server version for the right syntax to use near 'https://www.dingdiann.com/ddk16030/9003338.html','https://www.dingdiann.com/ddk1' at line 1")
2019-07-04 15:19:23,880 - dingdian_spider - INFO : 本章节未更新或者获取章节异常 今天休息，没更新
2019-07-04 15:19:27,345 - dingdian_spider - DEBUG : 正常章节 第160章 一剑凌云
2019-07-04 15:19:27,430 - dingdian_spider - ERROR : (1064, u"You have an error in your SQL syntax; check the manual that corresponds to your MySQL server version for the right syntax to use near 'https://www.dingdiann.com/ddk16030/9003338.html','https://www.dingdiann.com/ddk1' at line 1")
2019-07-04 15:19:29,881 - dingdian_spider - INFO : 本章节未更新或者获取章节异常 今天休息，没更新
2019-07-04 15:19:31,793 - dingdian_spider - DEBUG : 正常章节 第160章 一剑凌云
2019-07-04 15:19:31,881 - dingdian_spider - ERROR : (1064, u"You have an error in your SQL syntax; check the manual that corresponds to your MySQL server version for the right syntax to use near 'https://www.dingdiann.com/ddk16030/9003338.html','https://www.dingdiann.com/ddk1' at line 1")
2019-07-04 15:19:34,385 - dingdian_spider - INFO : 本章节未更新或者获取章节异常 今天休息，没更新
2019-07-04 15:19:35,309 - dingdian_spider - DEBUG : 正常章节 第160章 一剑凌云
2019-07-04 15:19:35,395 - dingdian_spider - ERROR : (1064, u"You have an error in your SQL syntax; check the manual that corresponds to your MySQL server version for the right syntax to use near 'https://www.dingdiann.com/ddk16030/9003338.html','https://www.dingdiann.com/ddk1' at line 1")
2019-07-04 15:19:38,937 - dingdian_spider - INFO : 本章节未更新或者获取章节异常 今天休息，没更新
2019-07-04 15:19:43,153 - dingdian_spider - DEBUG : 正常章节 第160章 一剑凌云
2019-07-04 15:19:43,315 - dingdian_spider - ERROR : (1064, u"You have an error in your SQL syntax; check the manual that corresponds to your MySQL server version for the right syntax to use near 'https://www.dingdiann.com/ddk16030/9003338.html','https://www.dingdiann.com/ddk1' at line 1")
2019-07-04 15:19:46,293 - dingdian_spider - DEBUG : 正常章节 第160章 一剑凌云
2019-07-04 15:19:46,378 - dingdian_spider - ERROR : (1064, u"You have an error in your SQL syntax; check the manual that corresponds to your MySQL server version for the right syntax to use near 'https://www.dingdiann.com/ddk16030/9003338.html','https://www.dingdiann.com/ddk1' at line 1")
2019-07-04 15:19:52,255 - dingdian_spider - DEBUG : 正常章节 第160章 一剑凌云
2019-07-04 15:19:52,336 - dingdian_spider - ERROR : (1064, u"You have an error in your SQL syntax; check the manual that corresponds to your MySQL server version for the right syntax to use near 'https://www.dingdiann.com/ddk16030/9003338.html','https://www.dingdiann.com/ddk1' at line 1")
2019-07-04 15:19:56,207 - dingdian_spider - DEBUG : 正常章节 第160章 一剑凌云
2019-07-04 15:19:56,290 - dingdian_spider - ERROR : (1064, u"You have an error in your SQL syntax; check the manual that corresponds to your MySQL server version for the right syntax to use near 'https://www.dingdiann.com/ddk16030/9003338.html','https://www.dingdiann.com/ddk1' at line 1")
2019-07-04 15:20:03,381 - dingdian_spider - DEBUG : 正常章节 第160章 一剑凌云
2019-07-04 15:20:03,463 - dingdian_spider - ERROR : (1064, u"You have an error in your SQL syntax; check the manual that corresponds to your MySQL server version for the right syntax to use near 'https://www.dingdiann.com/ddk16030/9003338.html','https://www.dingdiann.com/ddk1' at line 1")
2019-07-04 15:20:15,292 - dingdian_spider - DEBUG : 正常章节 第160章 一剑凌云
2019-07-04 15:22:12,668 - dingdian_spider - DEBUG : 正常章节 第160章 一剑凌云
2019-07-04 15:25:43,197 - dingdian_spider - DEBUG : 正常章节 第160章 一剑凌云
2019-07-04 15:29:41,996 - dingdian_spider - DEBUG : 正常章节 第160章 一剑凌云
2019-07-04 15:32:25,038 - dingdian_spider - DEBUG : 正常章节 第160章 一剑凌云
2019-07-04 15:32:27,759 - dingdian_spider - DEBUG : 正常章节 第161章 一击毙命
2019-07-04 15:47:33,812 - dingdian_spider - INFO : 本章节未更新或者获取章节异常 今天休息，没更新
2019-07-04 15:47:34,742 - dingdian_spider - DEBUG : 正常章节 第2764章 赌一局吧，大肥羊三眼前辈！
2019-07-04 15:49:44,141 - dingdian_spider - INFO : 本章节未更新或者获取章节异常 今天休息，没更新
2019-07-04 15:49:45,082 - dingdian_spider - DEBUG : 正常章节 第2764章 赌一局吧，大肥羊三眼前辈！
2019-07-05 11:00:22,894 - dingdian_spider - INFO : 最新章 
2019-07-05 11:00:43,726 - dingdian_spider - INFO : 最新章 
2019-07-05 11:00:45,108 - dingdian_spider - INFO : 最新章 第2788章 一套连一套，都是套路！
2019-07-05 11:00:46,407 - dingdian_spider - INFO : 本章节未更新或者获取章节异常 第十章：异象
2019-07-05 11:00:48,609 - dingdian_spider - DEBUG : 正常章节 第193章 妩媚妖姬
2019-07-05 11:00:54,874 - dingdian_spider - DEBUG : 正常章节 第二百八十二章 思无邪
2019-07-05 11:01:02,430 - dingdian_spider - INFO : 最新章 
2019-07-05 11:05:30,329 - dingdian_spider - INFO : 本章节未更新或者获取章节异常 
2019-07-05 11:05:35,335 - dingdian_spider - INFO : 本章节未更新或者获取章节异常 
2019-07-05 11:10:08,678 - dingdian_spider - INFO : 本章节未更新或者获取章节异常  | 所以这里是蛊真人
2019-07-05 11:10:11,155 - dingdian_spider - INFO : 本章节未更新或者获取章节异常  | 所以这里是蛊真人
2019-07-05 11:10:13,572 - dingdian_spider - INFO : 本章节未更新或者获取章节异常  | 所以这里是蛊真人
